<?xml version="1.0" encoding="UTF-8" ?>
<testsuite tests="5" failures="0" name="org.example.model.AccountTest" time="0.542" errors="0" skipped="0">
  <properties>
[...]
</properties>
  <testcase classname="org.example.model.AccountTest" name="success - getBalanceAsString Test" time="0.364"/>
  <testcase classname="org.example.model.AccountTest" name="success - depositFunds unit test" time="0.022"/>
  <testcase classname="org.example.model.AccountTest" name="failure - depositFunds negative value unit test" time="0.003"/>
  <testcase classname="org.example.model.AccountTest" name="success - withdrawFunds unit test" time="0.001"/>
  <testcase classname="org.example.model.AccountTest" name="failure - withdrawFunds negative value unit test" time="0"/>
</testsuite>